TN:
SF:/home/kage/module2/calculator/utils/add.c
FN:3,3,add
FNDA:4,add
FNF:1
FNH:1
DA:3,4
LF:1
LH:1
end_of_record
TN:
SF:/home/kage/module2/calculator/utils/add_comand.c
FN:4,17,add_command
FNDA:1,add_command
FNF:1
FNH:1
DA:4,1
DA:6,1
DA:7,1
DA:8,0
DA:9,0
DA:12,1
DA:13,1
DA:14,1
DA:15,1
DA:16,1
DA:17,1
LF:11
LH:9
end_of_record
TN:
SF:/home/kage/module2/calculator/utils/divide.c
FN:3,9,divide
FNDA:3,divide
FNF:1
FNH:1
DA:3,3
DA:4,3
DA:5,1
DA:6,1
DA:8,2
LF:5
LH:5
end_of_record
TN:
SF:/home/kage/module2/calculator/utils/multiply.c
FN:3,3,multiply
FNDA:3,multiply
FNF:1
FNH:1
DA:3,3
LF:1
LH:1
end_of_record
TN:
SF:/home/kage/module2/calculator/utils/power.c
FN:3,3,power
FNDA:3,power
FNF:1
FNH:1
DA:3,3
LF:1
LH:1
end_of_record
TN:
SF:/home/kage/module2/calculator/utils/square_root.c
FN:3,10,square_root
FNDA:3,square_root
FNF:1
FNH:1
DA:3,3
DA:5,3
DA:6,1
DA:7,1
DA:9,2
LF:5
LH:5
end_of_record
TN:
SF:/home/kage/module2/calculator/utils/substract.c
FN:3,3,subtract
FNDA:3,subtract
FNF:1
FNH:1
DA:3,3
LF:1
LH:1
end_of_record
